app/build/outputs/logs/manifest-merger-debug-report.txt
-- Merging decision tree log ---
manifest
ADDED from src\main\AndroidManifest.xml:2:1-171:12
INJECTED from src\main\AndroidManifest.xml:2:1-171:12
INJECTED from src\main\AndroidManifest.xml:2:1-171:12
INJECTED from src\main\AndroidManifest.xml:2:1-171:12
MERGED from [com.github.ozodrukh:CircularReveal:1.3.1] AndroidManifest.xml:2:1-12:12
MERGED from [com.google.android.material:material:1.0.0] AndroidManifest.xml:17:1-24:12
MERGED from [androidx.legacy:legacy-preference-v14:1.0.0] AndroidManifest.xml:17:1-22:12
MERGED from [androidx.preference:preference:1.0.0] AndroidManifest.xml:17:1-22:12
MERGED from [androidx.appcompat:appcompat:1.0.2] AndroidManifest.xml:17:1-22:12
MERGED from [androidx.cardview:cardview:1.0.0] AndroidManifest.xml:17:1-22:12
MERGED from [org.adw.library:discrete-seekbar:1.0.1] AndroidManifest.xml:17:1-30:12
MERGED from [androidx.legacy:legacy-support-v4:1.0.0] AndroidManifest.xml:17:1-22:12
MERGED from [com.mattprecious.swirl:swirl:1.2.0] AndroidManifest.xml:2:1-8:12
MERGED from [com.mikhaellopez:circularimageview:3.0.2] AndroidManifest.xml:2:1-15:12
MERGED from [org.cyanogenmod:platform.sdk:6.0] AndroidManifest.xml:19:1-22:12
MERGED from [com.github.bumptech.glide:glide:4.8.0] AndroidManifest.xml:2:1-12:12
MERGED from [com.akexorcist:RoundCornerProgressBar:2.0.3] AndroidManifest.xml:2:1-12:12
MERGED from [androidx.fragment:fragment:1.0.0] AndroidManifest.xml:17:1-22:12
MERGED from [androidx.vectordrawable:vectordrawable-animated:1.0.0] AndroidManifest.xml:17:1-22:12
MERGED from [androidx.recyclerview:recyclerview:1.0.0] AndroidManifest.xml:17:1-22:12
MERGED from [androidx.legacy:legacy-support-core-ui:1.0.0] AndroidManifest.xml:17:1-22:12
MERGED from [androidx.legacy:legacy-support-core-utils:1.0.0] AndroidManifest.xml:17:1-22:12
MERGED from [androidx.vectordrawable:vectordrawable:1.0.1] AndroidManifest.xml:17:1-22:12
MERGED from [androidx.transition:transition:1.0.0] AndroidManifest.xml:17:1-22:12
MERGED from [androidx.media:media:1.0.0] AndroidManifest.xml:17:1-22:12
MERGED from [androidx.loader:loader:1.0.0] AndroidManifest.xml:17:1-22:12
MERGED from [androidx.viewpager:viewpager:1.0.0] AndroidManifest.xml:17:1-22:12
MERGED from [androidx.coordinatorlayout:coordinatorlayout:1.0.0] AndroidManifest.xml:17:1-22:12
MERGED from [androidx.drawerlayout:drawerlayout:1.0.0] AndroidManifest.xml:17:1-22:12
MERGED from [androidx.slidingpanelayout:slidingpanelayout:1.0.0] AndroidManifest.xml:17:1-22:12
MERGED from [androidx.customview:customview:1.0.0] AndroidManifest.xml:17:1-22:12
MERGED from [androidx.swiperefreshlayout:swiperefreshlayout:1.0.0] AndroidManifest.xml:17:1-22:12
MERGED from [androidx.asynclayoutinflater:asynclayoutinflater:1.0.0] AndroidManifest.xml:17:1-22:12
MERGED from [androidx.core:core:1.0.1] AndroidManifest.xml:17:1-24:12
MERGED from [androidx.versionedparcelable:versionedparcelable:1.0.0] AndroidManifest.xml:17:1-25:12
MERGED from [androidx.cursoradapter:cursoradapter:1.0.0] AndroidManifest.xml:17:1-22:12
MERGED from [com.github.bumptech.glide:gifdecoder:4.8.0] AndroidManifest.xml:2:1-11:12
MERGED from [androidx.lifecycle:lifecycle-runtime:2.0.0] AndroidManifest.xml:17:1-22:12
MERGED from [androidx.documentfile:documentfile:1.0.0] AndroidManifest.xml:17:1-22:12
MERGED from [androidx.localbroadcastmanager:localbroadcastmanager:1.0.0] AndroidManifest.xml:17:1-22:12
MERGED from [androidx.print:print:1.0.0] AndroidManifest.xml:17:1-22:12
MERGED from [androidx.lifecycle:lifecycle-viewmodel:2.0.0] AndroidManifest.xml:17:1-22:12
MERGED from [androidx.interpolator:interpolator:1.0.0] AndroidManifest.xml:17:1-22:12
MERGED from [androidx.lifecycle:lifecycle-livedata:2.0.0] AndroidManifest.xml:17:1-22:12
MERGED from [androidx.lifecycle:lifecycle-livedata-core:2.0.0] AndroidManifest.xml:17:1-22:12
MERGED from [androidx.arch.core:core-runtime:2.0.0] AndroidManifest.xml:17:1-22:12
INJECTED from src\main\AndroidManifest.xml:2:1-171:12
INJECTED from src\main\AndroidManifest.xml:2:1-171:12
INJECTED from src\main\AndroidManifest.xml:2:1-171:12
	package
		ADDED from src\main\AndroidManifest.xml:4:5-40
		INJECTED from src\main\AndroidManifest.xml
		INJECTED from src\main\AndroidManifest.xml
	android:versionName
		INJECTED from src\main\AndroidManifest.xml
		ADDED from src\main\AndroidManifest.xml:2:1-171:12
		INJECTED from src\main\AndroidManifest.xml
	xmlns:tools
		ADDED from src\main\AndroidManifest.xml:3:5-51
	android:versionCode
		INJECTED from src\main\AndroidManifest.xml
		ADDED from src\main\AndroidManifest.xml:2:1-171:12
		INJECTED from src\main\AndroidManifest.xml
	xmlns:android
		ADDED from src\main\AndroidManifest.xml:2:11-69
uses-permission#android.permission.ACCESS_SUPERUSER
ADDED from src\main\AndroidManifest.xml:6:5-75
	android:name
		ADDED from src\main\AndroidManifest.xml:6:22-72
uses-permission#android.permission.RECEIVE_BOOT_COMPLETED
ADDED from src\main\AndroidManifest.xml:7:5-81
	android:name
		ADDED from src\main\AndroidManifest.xml:7:22-78
uses-permission#android.permission.INTERNET
ADDED from src\main\AndroidManifest.xml:8:5-67
	android:name
		ADDED from src\main\AndroidManifest.xml:8:22-64
uses-permission#android.permission.ACCESS_NETWORK_STATE
ADDED from src\main\AndroidManifest.xml:9:5-79
	android:name
		ADDED from src\main\AndroidManifest.xml:9:22-76
uses-permission#android.permission.WRITE_EXTERNAL_STORAGE
ADDED from src\main\AndroidManifest.xml:10:5-81
	android:name
		ADDED from src\main\AndroidManifest.xml:10:22-78
uses-permission#android.permission.VIBRATE
ADDED from src\main\AndroidManifest.xml:11:5-66
	android:name
		ADDED from src\main\AndroidManifest.xml:11:22-63
uses-permission#android.permission.USE_FINGERPRINT
ADDED from src\main\AndroidManifest.xml:12:5-74
	android:name
		ADDED from src\main\AndroidManifest.xml:12:22-71
uses-permission#android.permission.WAKE_LOCK
ADDED from src\main\AndroidManifest.xml:13:5-68
	android:name
		ADDED from src\main\AndroidManifest.xml:13:22-65
uses-permission#android.permission.REQUEST_INSTALL_PACKAGES
ADDED from src\main\AndroidManifest.xml:14:5-83
	android:name
		ADDED from src\main\AndroidManifest.xml:14:22-80
uses-permission#cyanogenmod.permission.PUBLISH_CUSTOM_TILE
ADDED from src\main\AndroidManifest.xml:15:5-82
	android:name
		ADDED from src\main\AndroidManifest.xml:15:22-79
uses-permission#android.permission.FOREGROUND_SERVICE
ADDED from src\main\AndroidManifest.xml:16:5-77
	android:name
		ADDED from src\main\AndroidManifest.xml:16:22-74
uses-feature#android.hardware.touchscreen
ADDED from src\main\AndroidManifest.xml:18:5-20:36
	android:required
		ADDED from src\main\AndroidManifest.xml:20:9-33
	android:name
		ADDED from src\main\AndroidManifest.xml:19:9-52
uses-feature#android.software.leanback
ADDED from src\main\AndroidManifest.xml:22:5-24:36
	android:required
		ADDED from src\main\AndroidManifest.xml:24:9-33
	android:name
		ADDED from src\main\AndroidManifest.xml:23:9-49
application
ADDED from src\main\AndroidManifest.xml:26:5-169:19
MERGED from [com.github.ozodrukh:CircularReveal:1.3.1] AndroidManifest.xml:10:5-20
MERGED from [com.github.ozodrukh:CircularReveal:1.3.1] AndroidManifest.xml:10:5-20
MERGED from [com.google.android.material:material:1.0.0] AndroidManifest.xml:22:5-20
MERGED from [com.google.android.material:material:1.0.0] AndroidManifest.xml:22:5-20
MERGED from [org.adw.library:discrete-seekbar:1.0.1] AndroidManifest.xml:27:5-28:19
MERGED from [org.adw.library:discrete-seekbar:1.0.1] AndroidManifest.xml:27:5-28:19
MERGED from [com.mikhaellopez:circularimageview:3.0.2] AndroidManifest.xml:11:5-13:38
MERGED from [com.mikhaellopez:circularimageview:3.0.2] AndroidManifest.xml:11:5-13:38
MERGED from [com.github.bumptech.glide:glide:4.8.0] AndroidManifest.xml:10:5-20
MERGED from [com.github.bumptech.glide:glide:4.8.0] AndroidManifest.xml:10:5-20
MERGED from [androidx.core:core:1.0.1] AndroidManifest.xml:22:5-89
MERGED from [androidx.core:core:1.0.1] AndroidManifest.xml:22:5-89
MERGED from [androidx.versionedparcelable:versionedparcelable:1.0.0] AndroidManifest.xml:22:5-23:19
MERGED from [androidx.versionedparcelable:versionedparcelable:1.0.0] AndroidManifest.xml:22:5-23:19
MERGED from [com.github.bumptech.glide:gifdecoder:4.8.0] AndroidManifest.xml:9:5-20
MERGED from [com.github.bumptech.glide:gifdecoder:4.8.0] AndroidManifest.xml:9:5-20
	android:appComponentFactory
		ADDED from [androidx.core:core:1.0.1] AndroidManifest.xml:22:18-86
	android:supportsRtl
		ADDED from src\main\AndroidManifest.xml:33:9-35
	android:label
		ADDED from src\main\AndroidManifest.xml:32:9-41
	android:hardwareAccelerated
		ADDED from src\main\AndroidManifest.xml:30:9-43
	android:fullBackupContent
		ADDED from src\main\AndroidManifest.xml:29:9-41
	tools:ignore
		ADDED from src\main\AndroidManifest.xml:35:9-48
	android:icon
		ADDED from src\main\AndroidManifest.xml:31:9-43
	android:allowBackup
		ADDED from src\main\AndroidManifest.xml:27:9-35
	android:banner
		ADDED from src\main\AndroidManifest.xml:28:9-45
	android:theme
		ADDED from src\main\AndroidManifest.xml:34:9-50
activity#com.thunder.thundertweaks.activities.StartActivity
ADDED from src\main\AndroidManifest.xml:37:9-47:20
	android:name
		ADDED from src\main\AndroidManifest.xml:37:19-84
intent-filter#action:name:android.intent.action.MAIN+category:name:android.intent.category.LAUNCHER+category:name:android.intent.category.LEANBACK_LAUNCHER
ADDED from src\main\AndroidManifest.xml:38:13-43:29
action#android.intent.action.MAIN
ADDED from src\main\AndroidManifest.xml:39:17-69
	android:name
		ADDED from src\main\AndroidManifest.xml:39:25-66
category#android.intent.category.LAUNCHER
ADDED from src\main\AndroidManifest.xml:41:17-77
	android:name
		ADDED from src\main\AndroidManifest.xml:41:27-74
category#android.intent.category.LEANBACK_LAUNCHER
ADDED from src\main\AndroidManifest.xml:42:17-86
	android:name
		ADDED from src\main\AndroidManifest.xml:42:27-83
meta-data#android.app.shortcuts
ADDED from src\main\AndroidManifest.xml:44:13-46:53
	android:resource
		ADDED from src\main\AndroidManifest.xml:46:17-50
	android:name
		ADDED from src\main\AndroidManifest.xml:45:17-53
activity#com.thunder.thundertweaks.activities.StartActivityMaterial
ADDED from src\main\AndroidManifest.xml:49:9-62:20
	android:enabled
		ADDED from src\main\AndroidManifest.xml:51:13-36
	android:icon
		ADDED from src\main\AndroidManifest.xml:52:13-56
	android:name
		ADDED from src\main\AndroidManifest.xml:50:13-86
activity#com.thunder.thundertweaks.activities.MainActivity
ADDED from src\main\AndroidManifest.xml:64:9-86
	android:name
		ADDED from src\main\AndroidManifest.xml:64:19-83
activity#com.thunder.thundertweaks.activities.NavigationActivity
ADDED from src\main\AndroidManifest.xml:65:9-92
	android:name
		ADDED from src\main\AndroidManifest.xml:65:19-89
activity#com.thunder.thundertweaks.activities.TextActivity
ADDED from src\main\AndroidManifest.xml:66:9-86
	android:name
		ADDED from src\main\AndroidManifest.xml:66:19-83
activity#com.thunder.thundertweaks.views.NavHeaderView$MainHeaderActivity
ADDED from src\main\AndroidManifest.xml:67:9-69:75
	android:theme
		ADDED from src\main\AndroidManifest.xml:69:13-72
	android:name
		ADDED from src\main\AndroidManifest.xml:68:13-92
activity#com.thunder.thundertweaks.activities.tools.CustomControlsActivity
ADDED from src\main\AndroidManifest.xml:70:9-102
	android:name
		ADDED from src\main\AndroidManifest.xml:70:19-99
activity#com.thunder.thundertweaks.activities.EditorActivity
ADDED from src\main\AndroidManifest.xml:71:9-88
	android:name
		ADDED from src\main\AndroidManifest.xml:71:19-85
activity#com.thunder.thundertweaks.activities.FilePickerActivity
ADDED from src\main\AndroidManifest.xml:72:9-92
	android:name
		ADDED from src\main\AndroidManifest.xml:72:19-89
activity#com.thunder.thundertweaks.activities.tools.DownloadsActivity
ADDED from src\main\AndroidManifest.xml:73:9-97
	android:name
		ADDED from src\main\AndroidManifest.xml:73:19-94
activity#com.thunder.thundertweaks.activities.tools.profile.ProfileActivity
ADDED from src\main\AndroidManifest.xml:74:9-103
	android:name
		ADDED from src\main\AndroidManifest.xml:74:19-100
activity#com.thunder.thundertweaks.activities.SecurityActivity
ADDED from src\main\AndroidManifest.xml:75:9-77:104
	android:configChanges
		ADDED from src\main\AndroidManifest.xml:77:13-101
	android:name
		ADDED from src\main\AndroidManifest.xml:76:13-81
activity#com.thunder.thundertweaks.activities.BannerResizerActivity
ADDED from src\main\AndroidManifest.xml:78:9-95
	android:name
		ADDED from src\main\AndroidManifest.xml:78:19-92
activity#com.thunder.thundertweaks.activities.tools.profile.ProfileEditActivity
ADDED from src\main\AndroidManifest.xml:79:9-107
	android:name
		ADDED from src\main\AndroidManifest.xml:79:19-104
activity#com.thunder.thundertweaks.activities.DataSharingSearchActivity
ADDED from src\main\AndroidManifest.xml:80:9-99
	android:name
		ADDED from src\main\AndroidManifest.xml:80:19-96
receiver#com.thunder.thundertweaks.services.boot.OnBootReceiver
ADDED from src\main\AndroidManifest.xml:82:9-90:20
	android:enabled
		ADDED from src\main\AndroidManifest.xml:84:13-35
	android:exported
		ADDED from src\main\AndroidManifest.xml:85:13-36
	android:name
		ADDED from src\main\AndroidManifest.xml:83:13-82
intent-filter#action:name:android.intent.action.BOOT_COMPLETED+category:name:android.intent.category.DEFAULT
ADDED from src\main\AndroidManifest.xml:86:13-89:29
action#android.intent.action.BOOT_COMPLETED
ADDED from src\main\AndroidManifest.xml:87:17-79
	android:name
		ADDED from src\main\AndroidManifest.xml:87:25-76
category#android.intent.category.DEFAULT
ADDED from src\main\AndroidManifest.xml:88:17-76
	android:name
		ADDED from src\main\AndroidManifest.xml:88:27-73
service#com.thunder.thundertweaks.services.boot.ApplyOnBootService
ADDED from src\main\AndroidManifest.xml:92:9-94
	android:name
		ADDED from src\main\AndroidManifest.xml:92:18-91
receiver#com.thunder.thundertweaks.services.boot.ApplyOnBoot$CancelReceiver
ADDED from src\main\AndroidManifest.xml:93:9-103
	android:name
		ADDED from src\main\AndroidManifest.xml:93:19-100
service#com.thunder.thundertweaks.services.monitor.Monitor
ADDED from src\main\AndroidManifest.xml:95:9-86
	android:name
		ADDED from src\main\AndroidManifest.xml:95:18-83
receiver#com.thunder.thundertweaks.services.monitor.Monitor$DisableReceiver
ADDED from src\main\AndroidManifest.xml:96:9-103
	android:name
		ADDED from src\main\AndroidManifest.xml:96:19-100
receiver#com.thunder.thundertweaks.services.profile.Widget
ADDED from src\main\AndroidManifest.xml:99:9-107:20
	android:name
		ADDED from src\main\AndroidManifest.xml:99:19-83
intent-filter#action:name:android.appwidget.action.APPWIDGET_UPDATE
ADDED from src\main\AndroidManifest.xml:100:13-102:29
action#android.appwidget.action.APPWIDGET_UPDATE
ADDED from src\main\AndroidManifest.xml:101:17-84
	android:name
		ADDED from src\main\AndroidManifest.xml:101:25-81
meta-data#android.appwidget.provider
ADDED from src\main\AndroidManifest.xml:104:13-106:58
	android:resource
		ADDED from src\main\AndroidManifest.xml:106:17-55
	android:name
		ADDED from src\main\AndroidManifest.xml:105:17-58
service#com.thunder.thundertweaks.services.profile.Widget$WidgetService
ADDED from src\main\AndroidManifest.xml:109:9-111:72
	android:permission
		ADDED from src\main\AndroidManifest.xml:111:13-69
	android:name
		ADDED from src\main\AndroidManifest.xml:110:13-91
receiver#com.thunder.thundertweaks.services.profile.Tile
ADDED from src\main\AndroidManifest.xml:114:9-118:20
	android:name
		ADDED from src\main\AndroidManifest.xml:114:19-81
intent-filter#action:name:com.hades.thunderTweaks.action.ACTION_TOGGLE_STATE
ADDED from src\main\AndroidManifest.xml:115:13-117:29
action#com.hades.thunderTweaks.action.ACTION_TOGGLE_STATE
ADDED from src\main\AndroidManifest.xml:116:17-93
	android:name
		ADDED from src\main\AndroidManifest.xml:116:25-90
service#com.thunder.thundertweaks.services.DashClock
ADDED from src\main\AndroidManifest.xml:121:9-132:19
	android:permission
		ADDED from src\main\AndroidManifest.xml:124:13-98
	android:icon
		ADDED from src\main\AndroidManifest.xml:123:13-57
	android:name
		ADDED from src\main\AndroidManifest.xml:122:13-72
intent-filter#action:name:com.google.android.apps.dashclock.Extension
ADDED from src\main\AndroidManifest.xml:125:13-127:29
action#com.google.android.apps.dashclock.Extension
ADDED from src\main\AndroidManifest.xml:126:17-86
	android:name
		ADDED from src\main\AndroidManifest.xml:126:25-83
meta-data#protocolVersion
ADDED from src\main\AndroidManifest.xml:129:13-131:37
	android:value
		ADDED from src\main\AndroidManifest.xml:131:17-34
	android:name
		ADDED from src\main\AndroidManifest.xml:130:17-47
activity#com.thunder.thundertweaks.activities.tools.profile.ProfileTaskerActivity
ADDED from src\main\AndroidManifest.xml:135:9-139:20
	android:name
		ADDED from src\main\AndroidManifest.xml:135:19-106
intent-filter#action:name:com.twofortyfouram.locale.intent.action.EDIT_SETTING
ADDED from src\main\AndroidManifest.xml:136:13-138:29
action#com.twofortyfouram.locale.intent.action.EDIT_SETTING
ADDED from src\main\AndroidManifest.xml:137:17-95
	android:name
		ADDED from src\main\AndroidManifest.xml:137:25-92
receiver#com.thunder.thundertweaks.services.profile.Tasker
ADDED from src\main\AndroidManifest.xml:141:9-145:20
	android:name
		ADDED from src\main\AndroidManifest.xml:141:19-83
intent-filter#action:name:com.twofortyfouram.locale.intent.action.FIRE_SETTING
ADDED from src\main\AndroidManifest.xml:142:13-144:29
action#com.twofortyfouram.locale.intent.action.FIRE_SETTING
ADDED from src\main\AndroidManifest.xml:143:17-95
	android:name
		ADDED from src\main\AndroidManifest.xml:143:25-92
service#com.thunder.thundertweaks.utils.kernel.spectrum.ProfileTile
ADDED from src\main\AndroidManifest.xml:148:9-157:19
	android:enabled
		ADDED from src\main\AndroidManifest.xml:150:13-35
	android:label
		ADDED from src\main\AndroidManifest.xml:152:13-48
	android:permission
		ADDED from src\main\AndroidManifest.xml:153:13-77
	android:icon
		ADDED from src\main\AndroidManifest.xml:151:13-59
	android:name
		ADDED from src\main\AndroidManifest.xml:149:13-87
intent-filter#action:name:android.service.quicksettings.action.QS_TILE
ADDED from src\main\AndroidManifest.xml:154:13-156:29
action#android.service.quicksettings.action.QS_TILE
ADDED from src\main\AndroidManifest.xml:155:17-86
	android:name
		ADDED from src\main\AndroidManifest.xml:155:25-84
provider#androidx.core.content.FileProvider
ADDED from src\main\AndroidManifest.xml:159:9-167:20
	android:grantUriPermissions
		ADDED from src\main\AndroidManifest.xml:163:13-47
	android:authorities
		ADDED from src\main\AndroidManifest.xml:161:13-69
	android:exported
		ADDED from src\main\AndroidManifest.xml:162:13-37
	android:name
		ADDED from src\main\AndroidManifest.xml:160:13-62
meta-data#android.support.FILE_PROVIDER_PATHS
ADDED from src\main\AndroidManifest.xml:164:13-166:57
	android:resource
		ADDED from src\main\AndroidManifest.xml:166:17-55
	android:name
		ADDED from src\main\AndroidManifest.xml:165:17-67
uses-sdk
INJECTED from src\main\AndroidManifest.xml reason: use-sdk injection requested
INJECTED from src\main\AndroidManifest.xml
INJECTED from src\main\AndroidManifest.xml
MERGED from [com.github.ozodrukh:CircularReveal:1.3.1] AndroidManifest.xml:6:5-8:41
MERGED from [com.github.ozodrukh:CircularReveal:1.3.1] AndroidManifest.xml:6:5-8:41
MERGED from [com.google.android.material:material:1.0.0] AndroidManifest.xml:20:5-44
MERGED from [com.google.android.material:material:1.0.0] AndroidManifest.xml:20:5-44
MERGED from [androidx.legacy:legacy-preference-v14:1.0.0] AndroidManifest.xml:20:5-44
MERGED from [androidx.legacy:legacy-preference-v14:1.0.0] AndroidManifest.xml:20:5-44
MERGED from [androidx.preference:preference:1.0.0] AndroidManifest.xml:20:5-44
MERGED from [androidx.preference:preference:1.0.0] AndroidManifest.xml:20:5-44
MERGED from [androidx.appcompat:appcompat:1.0.2] AndroidManifest.xml:20:5-44
MERGED from [androidx.appcompat:appcompat:1.0.2] AndroidManifest.xml:20:5-44
MERGED from [androidx.cardview:cardview:1.0.0] AndroidManifest.xml:20:5-44
MERGED from [androidx.cardview:cardview:1.0.0] AndroidManifest.xml:20:5-44
MERGED from [org.adw.library:discrete-seekbar:1.0.1] AndroidManifest.xml:23:5-25:41
MERGED from [org.adw.library:discrete-seekbar:1.0.1] AndroidManifest.xml:23:5-25:41
MERGED from [androidx.legacy:legacy-support-v4:1.0.0] AndroidManifest.xml:20:5-44
MERGED from [androidx.legacy:legacy-support-v4:1.0.0] AndroidManifest.xml:20:5-44
MERGED from [com.mattprecious.swirl:swirl:1.2.0] AndroidManifest.xml:6:5-44
MERGED from [com.mattprecious.swirl:swirl:1.2.0] AndroidManifest.xml:6:5-44
MERGED from [com.mikhaellopez:circularimageview:3.0.2] AndroidManifest.xml:7:5-9:41
MERGED from [com.mikhaellopez:circularimageview:3.0.2] AndroidManifest.xml:7:5-9:41
MERGED from [org.cyanogenmod:platform.sdk:6.0] AndroidManifest.xml:21:5-43
MERGED from [org.cyanogenmod:platform.sdk:6.0] AndroidManifest.xml:21:5-43
MERGED from [com.github.bumptech.glide:glide:4.8.0] AndroidManifest.xml:6:5-8:41
MERGED from [com.github.bumptech.glide:glide:4.8.0] AndroidManifest.xml:6:5-8:41
MERGED from [com.akexorcist:RoundCornerProgressBar:2.0.3] AndroidManifest.xml:8:5-10:41
MERGED from [com.akexorcist:RoundCornerProgressBar:2.0.3] AndroidManifest.xml:8:5-10:41
MERGED from [androidx.fragment:fragment:1.0.0] AndroidManifest.xml:20:5-44
MERGED from [androidx.fragment:fragment:1.0.0] AndroidManifest.xml:20:5-44
MERGED from [androidx.vectordrawable:vectordrawable-animated:1.0.0] AndroidManifest.xml:20:5-44
MERGED from [androidx.vectordrawable:vectordrawable-animated:1.0.0] AndroidManifest.xml:20:5-44
MERGED from [androidx.recyclerview:recyclerview:1.0.0] AndroidManifest.xml:20:5-44
MERGED from [androidx.recyclerview:recyclerview:1.0.0] AndroidManifest.xml:20:5-44
MERGED from [androidx.legacy:legacy-support-core-ui:1.0.0] AndroidManifest.xml:20:5-44
MERGED from [androidx.legacy:legacy-support-core-ui:1.0.0] AndroidManifest.xml:20:5-44
MERGED from [androidx.legacy:legacy-support-core-utils:1.0.0] AndroidManifest.xml:20:5-44
MERGED from [androidx.legacy:legacy-support-core-utils:1.0.0] AndroidManifest.xml:20:5-44
MERGED from [androidx.vectordrawable:vectordrawable:1.0.1] AndroidManifest.xml:20:5-44
MERGED from [androidx.vectordrawable:vectordrawable:1.0.1] AndroidManifest.xml:20:5-44
MERGED from [androidx.transition:transition:1.0.0] AndroidManifest.xml:20:5-44
MERGED from [androidx.transition:transition:1.0.0] AndroidManifest.xml:20:5-44
MERGED from [androidx.media:media:1.0.0] AndroidManifest.xml:20:5-44
MERGED from [androidx.media:media:1.0.0] AndroidManifest.xml:20:5-44
MERGED from [androidx.loader:loader:1.0.0] AndroidManifest.xml:20:5-44
MERGED from [androidx.loader:loader:1.0.0] AndroidManifest.xml:20:5-44
MERGED from [androidx.viewpager:viewpager:1.0.0] AndroidManifest.xml:20:5-44
MERGED from [androidx.viewpager:viewpager:1.0.0] AndroidManifest.xml:20:5-44
MERGED from [androidx.coordinatorlayout:coordinatorlayout:1.0.0] AndroidManifest.xml:20:5-44
MERGED from [androidx.coordinatorlayout:coordinatorlayout:1.0.0] AndroidManifest.xml:20:5-44
MERGED from [androidx.drawerlayout:drawerlayout:1.0.0] AndroidManifest.xml:20:5-44
MERGED from [androidx.drawerlayout:drawerlayout:1.0.0] AndroidManifest.xml:20:5-44
MERGED from [androidx.slidingpanelayout:slidingpanelayout:1.0.0] AndroidManifest.xml:20:5-44
MERGED from [androidx.slidingpanelayout:slidingpanelayout:1.0.0] AndroidManifest.xml:20:5-44
MERGED from [androidx.customview:customview:1.0.0] AndroidManifest.xml:20:5-44
MERGED from [androidx.customview:customview:1.0.0] AndroidManifest.xml:20:5-44
MERGED from [androidx.swiperefreshlayout:swiperefreshlayout:1.0.0] AndroidManifest.xml:20:5-44
MERGED from [androidx.swiperefreshlayout:swiperefreshlayout:1.0.0] AndroidManifest.xml:20:5-44
MERGED from [androidx.asynclayoutinflater:asynclayoutinflater:1.0.0] AndroidManifest.xml:20:5-44
MERGED from [androidx.asynclayoutinflater:asynclayoutinflater:1.0.0] AndroidManifest.xml:20:5-44
MERGED from [androidx.core:core:1.0.1] AndroidManifest.xml:20:5-44
MERGED from [androidx.core:core:1.0.1] AndroidManifest.xml:20:5-44
MERGED from [androidx.versionedparcelable:versionedparcelable:1.0.0] AndroidManifest.xml:20:5-44
MERGED from [androidx.versionedparcelable:versionedparcelable:1.0.0] AndroidManifest.xml:20:5-44
MERGED from [androidx.cursoradapter:cursoradapter:1.0.0] AndroidManifest.xml:20:5-44
MERGED from [androidx.cursoradapter:cursoradapter:1.0.0] AndroidManifest.xml:20:5-44
MERGED from [com.github.bumptech.glide:gifdecoder:4.8.0] AndroidManifest.xml:5:5-7:41
MERGED from [com.github.bumptech.glide:gifdecoder:4.8.0] AndroidManifest.xml:5:5-7:41
MERGED from [androidx.lifecycle:lifecycle-runtime:2.0.0] AndroidManifest.xml:20:5-44
MERGED from [androidx.lifecycle:lifecycle-runtime:2.0.0] AndroidManifest.xml:20:5-44
MERGED from [androidx.documentfile:documentfile:1.0.0] AndroidManifest.xml:20:5-44
MERGED from [androidx.documentfile:documentfile:1.0.0] AndroidManifest.xml:20:5-44
MERGED from [androidx.localbroadcastmanager:localbroadcastmanager:1.0.0] AndroidManifest.xml:20:5-44
MERGED from [androidx.localbroadcastmanager:localbroadcastmanager:1.0.0] AndroidManifest.xml:20:5-44
MERGED from [androidx.print:print:1.0.0] AndroidManifest.xml:20:5-44
MERGED from [androidx.print:print:1.0.0] AndroidManifest.xml:20:5-44
MERGED from [androidx.lifecycle:lifecycle-viewmodel:2.0.0] AndroidManifest.xml:20:5-44
MERGED from [androidx.lifecycle:lifecycle-viewmodel:2.0.0] AndroidManifest.xml:20:5-44
MERGED from [androidx.interpolator:interpolator:1.0.0] AndroidManifest.xml:20:5-44
MERGED from [androidx.interpolator:interpolator:1.0.0] AndroidManifest.xml:20:5-44
MERGED from [androidx.lifecycle:lifecycle-livedata:2.0.0] AndroidManifest.xml:20:5-44
MERGED from [androidx.lifecycle:lifecycle-livedata:2.0.0] AndroidManifest.xml:20:5-44
MERGED from [androidx.lifecycle:lifecycle-livedata-core:2.0.0] AndroidManifest.xml:20:5-44
MERGED from [androidx.lifecycle:lifecycle-livedata-core:2.0.0] AndroidManifest.xml:20:5-44
MERGED from [androidx.arch.core:core-runtime:2.0.0] AndroidManifest.xml:20:5-44
MERGED from [androidx.arch.core:core-runtime:2.0.0] AndroidManifest.xml:20:5-44
INJECTED from src\main\AndroidManifest.xml
INJECTED from src\main\AndroidManifest.xml
	android:targetSdkVersion
		INJECTED from src\main\AndroidManifest.xml
		ADDED from src\main\AndroidManifest.xml
		INJECTED from src\main\AndroidManifest.xml
	android:minSdkVersion
		INJECTED from src\main\AndroidManifest.xml
		ADDED from src\main\AndroidManifest.xml
		INJECTED from src\main\AndroidManifest.xml